<?xml version='1.1' encoding='UTF-8'?>
<result plugin="junit@1.28">
  <suites>
    <suite>
      <file>/home/workspace/Pipeline/target/surefire-reports/TEST-pl.pandait.panda.HelloControllerTest.xml</file>
      <name>pl.pandait.panda.HelloControllerTest</name>
      <duration>5.191</duration>
      <time>5.191</time>
      <nodeId>90</nodeId>
      <enclosingBlocks>
        <string>80</string>
      </enclosingBlocks>
      <enclosingBlockNames>
        <string>Deploy to artifactory</string>
      </enclosingBlockNames>
      <cases>
        <case>
          <duration>0.307</duration>
          <className>pl.pandait.panda.HelloControllerTest</className>
          <testName>whenGivenAttributeNameThenItIsInModel</testName>
          <skipped>false</skipped>
          <failedSince>0</failedSince>
        </case>
      </cases>
    </suite>
    <suite>
      <file>/home/workspace/Pipeline/target/surefire-reports/TEST-pl.pandait.panda.PandaApplicationSeleniumTest.xml</file>
      <name>pl.pandait.panda.PandaApplicationSeleniumTest</name>
      <duration>10.818</duration>
      <time>10.818</time>
      <nodeId>90</nodeId>
      <enclosingBlocks>
        <string>80</string>
      </enclosingBlocks>
      <enclosingBlockNames>
        <string>Deploy to artifactory</string>
      </enclosingBlockNames>
      <cases>
        <case>
          <duration>0.877</duration>
          <className>pl.pandait.panda.PandaApplicationSeleniumTest</className>
          <testName>checkIfApplicationRunCorrectly</testName>
          <skipped>false</skipped>
          <failedSince>0</failedSince>
        </case>
      </cases>
    </suite>
    <suite>
      <file>/home/workspace/Pipeline/target/surefire-reports/TEST-pl.pandait.panda.PandaApplicationTest.xml</file>
      <name>pl.pandait.panda.PandaApplicationTest</name>
      <duration>0.853</duration>
      <time>0.853</time>
      <nodeId>90</nodeId>
      <enclosingBlocks>
        <string>80</string>
      </enclosingBlocks>
      <enclosingBlockNames>
        <string>Deploy to artifactory</string>
      </enclosingBlockNames>
      <cases>
        <case>
          <duration>0.003</duration>
          <className>pl.pandait.panda.PandaApplicationTest</className>
          <testName>contextLoads</testName>
          <skipped>false</skipped>
          <failedSince>0</failedSince>
        </case>
      </cases>
    </suite>
  </suites>
  <duration>16.862</duration>
  <keepLongStdio>false</keepLongStdio>
</result>